<html>
<head>
<title>TestNG:  Default test</title>
<link href="../testng.css" rel="stylesheet" type="text/css" />
<link href="../my-testng.css" rel="stylesheet" type="text/css" />

<style type="text/css">
.log { display: none;} 
.stack-trace { display: none;} 
</style>
<script type="text/javascript">
<!--
function flip(e) {
  current = e.style.display;
  if (current == 'block') {
    e.style.display = 'none';
    return 0;
  }
  else {
    e.style.display = 'block';
    return 1;
  }
}

function toggleBox(szDivId, elem, msg1, msg2)
{
  var res = -1;  if (document.getElementById) {
    res = flip(document.getElementById(szDivId));
  }
  else if (document.all) {
    // this is the way old msie versions work
    res = flip(document.all[szDivId]);
  }
  if(elem) {
    if(res == 0) elem.innerHTML = msg1; else elem.innerHTML = msg2;
  }

}

function toggleAllBoxes() {
  if (document.getElementsByTagName) {
    d = document.getElementsByTagName('div');
    for (i = 0; i < d.length; i++) {
      if (d[i].className == 'log') {
        flip(d[i]);
      }
    }
  }
}

// -->
</script>

</head>
<body>
<h2 align='center'>Default test</h2><table border='1' align="center">
<tr>
<td>Tests passed/Failed/Skipped:</td><td>1/1/0</td>
</tr><tr>
<td>Started on:</td><td>Thu Jan 12 18:39:40 IST 2023</td>
</tr>
<tr><td>Total time:</td><td>124 seconds (124991 ms)</td>
</tr><tr>
<td>Included groups:</td><td></td>
</tr><tr>
<td>Excluded groups:</td><td></td>
</tr>
</table><p/>
<small><i>(Hover the method name to see the test class name)</i></small><p/>
<table width='100%' border='1' class='invocation-failed'>
<tr><td colspan='4' align='center'><b>FAILED TESTS</b></td></tr>
<tr><td><b>Test method</b></td>
<td width="30%"><b>Exception</b></td>
<td width="10%"><b>Time (seconds)</b></td>
<td><b>Instance</b></td>
</tr>
<tr>
<td title='cucumberOptions.TestNGTestRunner.runScenario()'><b>runScenario</b><br>Test class: cucumberOptions.TestNGTestRunner<br>Test method: Runs Cucumber Scenarios<br>Parameters: "Verify that the plant and material details are displayed for respective month", "Log in to SCP QA homepage"</td>
<td><div><pre>java.lang.AssertionError:  Some material are not available in the screen please check the data expected [true] but found [false]
	at org.testng.Assert.fail(Assert.java:99)
	at org.testng.Assert.failNotEquals(Assert.java:1037)
	at org.testng.Assert.assertEqualsImpl(Assert.java:140)
	at org.testng.Assert.assertEquals(Assert.java:122)
	at org.testng.Assert.assertEquals(Assert.java:819)
	at Pages.Vendor_Home_page.part_value(Vendor_Home_page.java:137)
	at stepDefinitions.Data_Validation_Steps.verify_the_partcode_details(Data_Validation_Steps.java:29)
	at ?.Verify the partcode details(file:///C:/Users/FQ495BQ/OneDrive%20-%20EY/Documents/Automation%20docs/Working%20project/SCP_QA/src/test/java/features/Login_To_SCP.feature:14)
</pre></div><a href='#' onClick='toggleBox("stack-trace1641292405", this, "Click to show all stack frames", "Click to hide stack frames")'>Click to show all stack frames</a>
<div class='stack-trace' id='stack-trace1641292405'><pre>java.lang.AssertionError:  Some material are not available in the screen please check the data expected [true] but found [false]
	at org.testng.Assert.fail(Assert.java:99)
	at org.testng.Assert.failNotEquals(Assert.java:1037)
	at org.testng.Assert.assertEqualsImpl(Assert.java:140)
	at org.testng.Assert.assertEquals(Assert.java:122)
	at org.testng.Assert.assertEquals(Assert.java:819)
	at Pages.Vendor_Home_page.part_value(Vendor_Home_page.java:137)
	at stepDefinitions.Data_Validation_Steps.verify_the_partcode_details(Data_Validation_Steps.java:29)
	at ?.Verify the partcode details(file:///C:/Users/FQ495BQ/OneDrive%20-%20EY/Documents/Automation%20docs/Working%20project/SCP_QA/src/test/java/features/Login_To_SCP.feature:14)
</pre></div></td>
<td>83</td>
<td>cucumberOptions.TestNGTestRunner@2a265ea9</td></tr>
</table><p>
<table width='100%' border='1' class='invocation-passed'>
<tr><td colspan='4' align='center'><b>PASSED TESTS</b></td></tr>
<tr><td><b>Test method</b></td>
<td width="30%"><b>Exception</b></td>
<td width="10%"><b>Time (seconds)</b></td>
<td><b>Instance</b></td>
</tr>
<tr>
<td title='cucumberOptions.TestNGTestRunner.runScenario()'><b>runScenario</b><br>Test class: cucumberOptions.TestNGTestRunner<br>Test method: Runs Cucumber Scenarios<br>Parameters: "User able to login to the SCP QA site", "Log in to SCP QA homepage"</td>
<td></td>
<td>15</td>
<td>cucumberOptions.TestNGTestRunner@2a265ea9</td></tr>
</table><p>
</body>
</html>