<?xml version="1.0" encoding="UTF-8"?>
<!-- Generated by org.testng.reporters.JUnitReportReporter -->
<testsuite hostname="IN3168052W1" failures="1" tests="2" name="cucumberOptions.TestNGTestRunner" time="98.849" errors="0" timestamp="2023-01-12T18:41:45 IST" skipped="0">
  <testcase classname="cucumberOptions.TestNGTestRunner" name="runScenario" time="83.195">
    <failure message=" Some material are not available in the screen please check the data expected [true] but found [false]" type="java.lang.AssertionError">
      <![CDATA[java.lang.AssertionError:  Some material are not available in the screen please check the data expected [true] but found [false]
at org.testng.Assert.fail(Assert.java:99)
at org.testng.Assert.failNotEquals(Assert.java:1037)
at org.testng.Assert.assertEqualsImpl(Assert.java:140)
at org.testng.Assert.assertEquals(Assert.java:122)
at org.testng.Assert.assertEquals(Assert.java:819)
at Pages.Vendor_Home_page.part_value(Vendor_Home_page.java:137)
at stepDefinitions.Data_Validation_Steps.verify_the_partcode_details(Data_Validation_Steps.java:29)
at âœ½.Verify the partcode details(file:///C:/Users/FQ495BQ/OneDrive%20-%20EY/Documents/Automation%20docs/Working%20project/SCP_QA/src/test/java/features/Login_To_SCP.feature:14)
]]>
    </failure>
  </testcase> <!-- runScenario -->
  <system-out/>
  <testcase classname="cucumberOptions.TestNGTestRunner" name="runScenario" time="15.654"/>
  <system-out/>
</testsuite> <!-- cucumberOptions.TestNGTestRunner -->
